[    2511ms] [ERROR] Failed to load resource: net::ERR_CONNECTION_REFUSED @ https://localhost:5001/api/eventos:0
[    2512ms] [ERROR] ERROR RuntimeError: NG0100: ExpressionChangedAfterItHasBeenCheckedError: Expression has changed after it was checked. Previous value: 'true'. Current value: 'false'. Expression location: _EventoListComponent component. Find more at https://v21.angular.dev/errors/NG0100
    at throwErrorIfNoChangesMode (http://localhost:4300/@fs/C:/DocumentosCarlosBedoya/Programacion/Proyectos/EventosVivos/eventosvivos-app/.angular/cache/21.2.16/eventosvivos-app/vite/deps/chunk-T2GKPQEW.js?v=fdbfc661:7065:9)
    at bindingUpdated (http://localhost:4300/@fs/C:/DocumentosCarlosBedoya/Programacion/Proyectos/EventosVivos/eventosvivos-app/.angular/cache/21.2.16/eventosvivos-app/vite/deps/chunk-T2GKPQEW.js?v=fdbfc661:11679:9)
    at Module.ɵɵproperty (http://localhost:4300/@fs/C:/DocumentosCarlosBedoya/Programacion/Proyectos/EventosVivos/eventosvivos-app/.angular/cache/21.2.16/eventosvivos-app/vite/deps/chunk-T2GKPQEW.js?v=fdbfc661:17577:7)
    at EventoListComponent_Template (http://localhost:4300/main.js:714:11)
    at executeTemplate (http://localhost:4300/@fs/C:/DocumentosCarlosBedoya/Programacion/Proyectos/EventosVivos/eventosvivos-app/.angular/cache/21.2.16/eventosvivos-app/vite/deps/chunk-T2GKPQEW.js?v=fdbfc661:8587:5)
    at refreshView (http://localhost:4300/@fs/C:/DocumentosCarlosBedoya/Programacion/Proyectos/EventosVivos/eventosvivos-app/.angular/cache/21.2.16/eventosvivos-app/vite/deps/chunk-T2GKPQEW.js?v=fdbfc661:9251:7)
    at detectChangesInView (http://localhost:4300/@fs/C:/DocumentosCarlosBedoya/Programacion/Proyectos/EventosVivos/eventosvivos-app/.angular/cache/21.2.16/eventosvivos-app/vite/deps/chunk-T2GKPQEW.js?v=fdbfc661:9391:5)
    at detectChangesInViewIfAttached (http://localhost:4300/@fs/C:/DocumentosCarlosBedoya/Programacion/Proyectos/EventosVivos/eventosvivos-app/.angular/cache/21.2.16/eventosvivos-app/vite/deps/chunk-T2GKPQEW.js?v=fdbfc661:9374:3)
    at detectChangesInComponent (http://localhost:4300/@fs/C:/DocumentosCarlosBedoya/Programacion/Proyectos/EventosVivos/eventosvivos-app/.angular/cache/21.2.16/eventosvivos-app/vite/deps/chunk-T2GKPQEW.js?v=fdbfc661:9365:5)
    at detectChangesInChildComponents (http://localhost:4300/@fs/C:/DocumentosCarlosBedoya/Programacion/Proyectos/EventosVivos/eventosvivos-app/.angular/cache/21.2.16/eventosvivos-app/vite/deps/chunk-T2GKPQEW.js?v=fdbfc661:9413:5) @ http://localhost:4300/@fs/C:/DocumentosCarlosBedoya/Programacion/Proyectos/EventosVivos/eventosvivos-app/.angular/cache/21.2.16/eventosvivos-app/vite/deps/chunk-T2GKPQEW.js?v=fdbfc661:3170
[    2672ms] [ERROR] ERROR RuntimeError: NG0100: ExpressionChangedAfterItHasBeenCheckedError: Expression has changed after it was checked. Previous value: 'true'. Current value: 'false'. Expression location: _EventoListComponent component. Find more at https://v21.angular.dev/errors/NG0100
    at throwErrorIfNoChangesMode (http://localhost:4300/@fs/C:/DocumentosCarlosBedoya/Programacion/Proyectos/EventosVivos/eventosvivos-app/.angular/cache/21.2.16/eventosvivos-app/vite/deps/chunk-T2GKPQEW.js?v=fdbfc661:7065:9)
    at bindingUpdated (http://localhost:4300/@fs/C:/DocumentosCarlosBedoya/Programacion/Proyectos/EventosVivos/eventosvivos-app/.angular/cache/21.2.16/eventosvivos-app/vite/deps/chunk-T2GKPQEW.js?v=fdbfc661:11679:9)
    at Module.ɵɵproperty (http://localhost:4300/@fs/C:/DocumentosCarlosBedoya/Programacion/Proyectos/EventosVivos/eventosvivos-app/.angular/cache/21.2.16/eventosvivos-app/vite/deps/chunk-T2GKPQEW.js?v=fdbfc661:17577:7)
    at EventoListComponent_Template (http://localhost:4300/main.js:714:11)
    at executeTemplate (http://localhost:4300/@fs/C:/DocumentosCarlosBedoya/Programacion/Proyectos/EventosVivos/eventosvivos-app/.angular/cache/21.2.16/eventosvivos-app/vite/deps/chunk-T2GKPQEW.js?v=fdbfc661:8587:5)
    at refreshView (http://localhost:4300/@fs/C:/DocumentosCarlosBedoya/Programacion/Proyectos/EventosVivos/eventosvivos-app/.angular/cache/21.2.16/eventosvivos-app/vite/deps/chunk-T2GKPQEW.js?v=fdbfc661:9251:7)
    at detectChangesInView (http://localhost:4300/@fs/C:/DocumentosCarlosBedoya/Programacion/Proyectos/EventosVivos/eventosvivos-app/.angular/cache/21.2.16/eventosvivos-app/vite/deps/chunk-T2GKPQEW.js?v=fdbfc661:9391:5)
    at detectChangesInViewIfAttached (http://localhost:4300/@fs/C:/DocumentosCarlosBedoya/Programacion/Proyectos/EventosVivos/eventosvivos-app/.angular/cache/21.2.16/eventosvivos-app/vite/deps/chunk-T2GKPQEW.js?v=fdbfc661:9374:3)
    at detectChangesInComponent (http://localhost:4300/@fs/C:/DocumentosCarlosBedoya/Programacion/Proyectos/EventosVivos/eventosvivos-app/.angular/cache/21.2.16/eventosvivos-app/vite/deps/chunk-T2GKPQEW.js?v=fdbfc661:9365:5)
    at detectChangesInChildComponents (http://localhost:4300/@fs/C:/DocumentosCarlosBedoya/Programacion/Proyectos/EventosVivos/eventosvivos-app/.angular/cache/21.2.16/eventosvivos-app/vite/deps/chunk-T2GKPQEW.js?v=fdbfc661:9413:5) @ http://localhost:4300/@fs/C:/DocumentosCarlosBedoya/Programacion/Proyectos/EventosVivos/eventosvivos-app/.angular/cache/21.2.16/eventosvivos-app/vite/deps/chunk-T2GKPQEW.js?v=fdbfc661:3170
[    7675ms] [ERROR] ERROR RuntimeError: NG0100: ExpressionChangedAfterItHasBeenCheckedError: Expression has changed after it was checked. Previous value: 'true'. Current value: 'false'. Expression location: _EventoListComponent component. Find more at https://v21.angular.dev/errors/NG0100
    at throwErrorIfNoChangesMode (http://localhost:4300/@fs/C:/DocumentosCarlosBedoya/Programacion/Proyectos/EventosVivos/eventosvivos-app/.angular/cache/21.2.16/eventosvivos-app/vite/deps/chunk-T2GKPQEW.js?v=fdbfc661:7065:9)
    at bindingUpdated (http://localhost:4300/@fs/C:/DocumentosCarlosBedoya/Programacion/Proyectos/EventosVivos/eventosvivos-app/.angular/cache/21.2.16/eventosvivos-app/vite/deps/chunk-T2GKPQEW.js?v=fdbfc661:11679:9)
    at Module.ɵɵproperty (http://localhost:4300/@fs/C:/DocumentosCarlosBedoya/Programacion/Proyectos/EventosVivos/eventosvivos-app/.angular/cache/21.2.16/eventosvivos-app/vite/deps/chunk-T2GKPQEW.js?v=fdbfc661:17577:7)
    at EventoListComponent_Template (http://localhost:4300/main.js:714:11)
    at executeTemplate (http://localhost:4300/@fs/C:/DocumentosCarlosBedoya/Programacion/Proyectos/EventosVivos/eventosvivos-app/.angular/cache/21.2.16/eventosvivos-app/vite/deps/chunk-T2GKPQEW.js?v=fdbfc661:8587:5)
    at refreshView (http://localhost:4300/@fs/C:/DocumentosCarlosBedoya/Programacion/Proyectos/EventosVivos/eventosvivos-app/.angular/cache/21.2.16/eventosvivos-app/vite/deps/chunk-T2GKPQEW.js?v=fdbfc661:9251:7)
    at detectChangesInView (http://localhost:4300/@fs/C:/DocumentosCarlosBedoya/Programacion/Proyectos/EventosVivos/eventosvivos-app/.angular/cache/21.2.16/eventosvivos-app/vite/deps/chunk-T2GKPQEW.js?v=fdbfc661:9391:5)
    at detectChangesInViewIfAttached (http://localhost:4300/@fs/C:/DocumentosCarlosBedoya/Programacion/Proyectos/EventosVivos/eventosvivos-app/.angular/cache/21.2.16/eventosvivos-app/vite/deps/chunk-T2GKPQEW.js?v=fdbfc661:9374:3)
    at detectChangesInComponent (http://localhost:4300/@fs/C:/DocumentosCarlosBedoya/Programacion/Proyectos/EventosVivos/eventosvivos-app/.angular/cache/21.2.16/eventosvivos-app/vite/deps/chunk-T2GKPQEW.js?v=fdbfc661:9365:5)
    at detectChangesInChildComponents (http://localhost:4300/@fs/C:/DocumentosCarlosBedoya/Programacion/Proyectos/EventosVivos/eventosvivos-app/.angular/cache/21.2.16/eventosvivos-app/vite/deps/chunk-T2GKPQEW.js?v=fdbfc661:9413:5) @ http://localhost:4300/@fs/C:/DocumentosCarlosBedoya/Programacion/Proyectos/EventosVivos/eventosvivos-app/.angular/cache/21.2.16/eventosvivos-app/vite/deps/chunk-T2GKPQEW.js?v=fdbfc661:3170
[    7768ms] [ERROR] ERROR RuntimeError: NG0100: ExpressionChangedAfterItHasBeenCheckedError: Expression has changed after it was checked. Previous value: 'true'. Current value: 'false'. Expression location: _EventoListComponent component. Find more at https://v21.angular.dev/errors/NG0100
    at throwErrorIfNoChangesMode (http://localhost:4300/@fs/C:/DocumentosCarlosBedoya/Programacion/Proyectos/EventosVivos/eventosvivos-app/.angular/cache/21.2.16/eventosvivos-app/vite/deps/chunk-T2GKPQEW.js?v=fdbfc661:7065:9)
    at bindingUpdated (http://localhost:4300/@fs/C:/DocumentosCarlosBedoya/Programacion/Proyectos/EventosVivos/eventosvivos-app/.angular/cache/21.2.16/eventosvivos-app/vite/deps/chunk-T2GKPQEW.js?v=fdbfc661:11679:9)
    at Module.ɵɵproperty (http://localhost:4300/@fs/C:/DocumentosCarlosBedoya/Programacion/Proyectos/EventosVivos/eventosvivos-app/.angular/cache/21.2.16/eventosvivos-app/vite/deps/chunk-T2GKPQEW.js?v=fdbfc661:17577:7)
    at EventoListComponent_Template (http://localhost:4300/main.js:714:11)
    at executeTemplate (http://localhost:4300/@fs/C:/DocumentosCarlosBedoya/Programacion/Proyectos/EventosVivos/eventosvivos-app/.angular/cache/21.2.16/eventosvivos-app/vite/deps/chunk-T2GKPQEW.js?v=fdbfc661:8587:5)
    at refreshView (http://localhost:4300/@fs/C:/DocumentosCarlosBedoya/Programacion/Proyectos/EventosVivos/eventosvivos-app/.angular/cache/21.2.16/eventosvivos-app/vite/deps/chunk-T2GKPQEW.js?v=fdbfc661:9251:7)
    at detectChangesInView (http://localhost:4300/@fs/C:/DocumentosCarlosBedoya/Programacion/Proyectos/EventosVivos/eventosvivos-app/.angular/cache/21.2.16/eventosvivos-app/vite/deps/chunk-T2GKPQEW.js?v=fdbfc661:9391:5)
    at detectChangesInViewIfAttached (http://localhost:4300/@fs/C:/DocumentosCarlosBedoya/Programacion/Proyectos/EventosVivos/eventosvivos-app/.angular/cache/21.2.16/eventosvivos-app/vite/deps/chunk-T2GKPQEW.js?v=fdbfc661:9374:3)
    at detectChangesInComponent (http://localhost:4300/@fs/C:/DocumentosCarlosBedoya/Programacion/Proyectos/EventosVivos/eventosvivos-app/.angular/cache/21.2.16/eventosvivos-app/vite/deps/chunk-T2GKPQEW.js?v=fdbfc661:9365:5)
    at detectChangesInChildComponents (http://localhost:4300/@fs/C:/DocumentosCarlosBedoya/Programacion/Proyectos/EventosVivos/eventosvivos-app/.angular/cache/21.2.16/eventosvivos-app/vite/deps/chunk-T2GKPQEW.js?v=fdbfc661:9413:5) @ http://localhost:4300/@fs/C:/DocumentosCarlosBedoya/Programacion/Proyectos/EventosVivos/eventosvivos-app/.angular/cache/21.2.16/eventosvivos-app/vite/deps/chunk-T2GKPQEW.js?v=fdbfc661:3170
